[17:26:07] [main/INFO]: Loading Minecraft 1.21 with Fabric Loader 0.16.9
[17:26:08] [main/WARN]: Warnings were found!
 - Mod 'Forge Config API Port' (forgeconfigapiport) 21.0.8 recommends any version of modmenu, which is missing!
	 - You should install any version of modmenu for the optimal experience.
 - Mod 'Horse Expert' (horseexpert) 21.0.0 recommends any version of trinkets, which is missing!
	 - You should install any version of trinkets for the optimal experience.
[17:26:08] [main/INFO]: Loading 123 mods:
	- amendments 1.21-1.2.17
	- amplified_nether 1.2.6
	- antique_atlas 2.9.17+1.21
	   \-- surveyor 0.6.23+1.21
	        \-- folk_sisby_kaleido-config 0.3.1+1.3.2
	- architectury 13.0.8
	- athena 4.0.1
	- betteradvancements 0.4.3.21
	- bettercombat 2.0.3+1.21.1
	- chunky 1.4.16
	- cloth-config 15.0.140
	   \-- cloth-basic-math 0.6.1
	- coroutil 1.21.0-1.3.7
	- crawl 0.13.0
	- cupboard 1.21-2.7
	- entityculling 1.7.0
	- fabric-api 0.106.0+1.21.1
	   |-- fabric-api-base 0.4.42+6573ed8c19
	   |-- fabric-api-lookup-api-v1 1.6.68+b559734419
	   |-- fabric-biome-api-v1 13.0.29+5bd9f1bc19
	   |-- fabric-block-api-v1 1.0.22+0af3f5a719
	   |-- fabric-block-view-api-v2 1.0.10+6573ed8c19
	   |-- fabric-blockrenderlayer-v1 1.1.52+0af3f5a719
	   |-- fabric-client-tags-api-v1 1.1.15+6573ed8c19
	   |-- fabric-command-api-v1 1.2.49+f71b366f19
	   |-- fabric-command-api-v2 2.2.28+6ced4dd919
	   |-- fabric-commands-v0 0.2.66+df3654b319
	   |-- fabric-content-registries-v0 8.0.16+b559734419
	   |-- fabric-convention-tags-v1 2.1.0+7f945d5b19
	   |-- fabric-convention-tags-v2 2.9.0+83a9d31319
	   |-- fabric-crash-report-info-v1 0.2.29+0af3f5a719
	   |-- fabric-data-attachment-api-v1 1.1.28+1daea21519
	   |-- fabric-data-generation-api-v1 20.2.21+16c4ae2519
	   |-- fabric-dimensions-v1 4.0.0+6fc22b9919
	   |-- fabric-entity-events-v1 1.7.0+2122d82819
	   |-- fabric-events-interaction-v0 0.7.13+ba9dae0619
	   |-- fabric-game-rule-api-v1 1.0.53+6ced4dd919
	   |-- fabric-item-api-v1 11.1.0+d5debaed19
	   |-- fabric-item-group-api-v1 4.1.5+3fc0e55219
	   |-- fabric-key-binding-api-v1 1.0.47+0af3f5a719
	   |-- fabric-keybindings-v0 0.2.45+df3654b319
	   |-- fabric-lifecycle-events-v1 2.3.12+6c1df36019
	   |-- fabric-loot-api-v2 3.0.14+3f89f5a519
	   |-- fabric-loot-api-v3 1.0.2+3f89f5a519
	   |-- fabric-message-api-v1 6.0.13+6573ed8c19
	   |-- fabric-model-loading-api-v1 2.0.0+fe474d6b19
	   |-- fabric-networking-api-v1 4.3.0+c7469b2119
	   |-- fabric-object-builder-api-v1 15.2.0+40875a9319
	   |-- fabric-particles-v1 4.0.2+6573ed8c19
	   |-- fabric-recipe-api-v1 5.0.13+6508971219
	   |-- fabric-registry-sync-v0 5.1.3+60c3209b19
	   |-- fabric-renderer-api-v1 3.4.0+c705a49c19
	   |-- fabric-renderer-indigo 1.7.0+c705a49c19
	   |-- fabric-renderer-registries-v1 3.2.68+df3654b319
	   |-- fabric-rendering-data-attachment-v1 0.3.48+73761d2e19
	   |-- fabric-rendering-fluids-v1 3.1.6+1daea21519
	   |-- fabric-rendering-v0 1.1.71+df3654b319
	   |-- fabric-rendering-v1 5.0.5+df16efd019
	   |-- fabric-resource-conditions-api-v1 4.3.0+8dc279b119
	   |-- fabric-resource-loader-v0 1.3.0+5659912919
	   |-- fabric-screen-api-v1 2.0.25+8b68f1c719
	   |-- fabric-screen-handler-api-v1 1.3.87+b559734419
	   |-- fabric-sound-api-v1 1.0.23+6573ed8c19
	   |-- fabric-transfer-api-v1 5.4.0+95bead5f19
	   \-- fabric-transitive-access-wideners-v1 6.1.0+1daea21519
	- fabric-language-kotlin 1.12.3+kotlin.2.0.21
	   |-- org_jetbrains_kotlin_kotlin-reflect 2.0.21
	   |-- org_jetbrains_kotlin_kotlin-stdlib 2.0.21
	   |-- org_jetbrains_kotlin_kotlin-stdlib-jdk7 2.0.21
	   |-- org_jetbrains_kotlin_kotlin-stdlib-jdk8 2.0.21
	   |-- org_jetbrains_kotlinx_atomicfu-jvm 0.25.0
	   |-- org_jetbrains_kotlinx_kotlinx-coroutines-core-jvm 1.9.0
	   |-- org_jetbrains_kotlinx_kotlinx-coroutines-jdk8 1.9.0
	   |-- org_jetbrains_kotlinx_kotlinx-datetime-jvm 0.6.1
	   |-- org_jetbrains_kotlinx_kotlinx-io-bytestring-jvm 0.5.4
	   |-- org_jetbrains_kotlinx_kotlinx-io-core-jvm 0.5.4
	   |-- org_jetbrains_kotlinx_kotlinx-serialization-cbor-jvm 1.7.3
	   |-- org_jetbrains_kotlinx_kotlinx-serialization-core-jvm 1.7.3
	   \-- org_jetbrains_kotlinx_kotlinx-serialization-json-jvm 1.7.3
	- fabricloader 0.16.9
	   \-- mixinextras 0.4.1
	- farsight 1.21-4.4
	   \-- org_jctools_jctools-core 4.0.1
	- ferritecore 7.0.0
	- forgeconfigapiport 21.0.8
	   |-- com_electronwill_night-config_core 3.8.0
	   \-- com_electronwill_night-config_toml 3.8.0
	- geckolib 4.5.8
	- handcrafted 4.0.1
	- heaven 1.0.0
	- horseexpert 21.0.0
	- jamlib 1.2.2+1.21.1
	   \-- blue_endless_jankson 1.2.3
	- java 21
	- kaffees_dual_ride 1.1.0
	- kiwi 15.1.2+fabric
	- konkrete 1.9.9
	- leavesbegone 21.0.0
	- lithium 0.13.1
	- melody 1.0.10
	- minecraft 1.21
	- modernfix 5.19.1+mc1.21
	- moonlight 1.21-2.14.31
	- mr_true_ending 1-v1.1.2d
	- nerb 0.4.1
	- noisium 2.3.0+mc1.21-1.21.1
	- nullscape 1.2.9
	- octolib 0.4.2
	   \-- org_yaml_snakeyaml 2.2
	- playeranimator 2.0.0-alpha1+1.21
	- puzzleslib 21.0.28
	- resourcefulconfig 3.0.8
	- resourcefullib 3.0.11
	   |-- com_teamresourceful_bytecodecs 1.1.2
	   \-- com_teamresourceful_yabn 1.0.3
	- sit 1.21-28
	- smallships 2.0.0-b1.3.4
	- snowrealmagic 11.0.12+fabric
	- sound_physics_remastered 1.21.1-1.4.6
	- supermartijn642corelib 1.1.17+c
	- watut 1.21.0-1.1.3
	- weaponmaster_ydm 4.2.3
	- weather_classic 0.2.5
	- yet_another_config_lib_v3 3.5.0+1.21-fabric
	   |-- com_twelvemonkeys_common_common-image 3.10.0
	   |-- com_twelvemonkeys_common_common-io 3.10.0
	   |-- com_twelvemonkeys_common_common-lang 3.10.0
	   |-- com_twelvemonkeys_imageio_imageio-core 3.10.0
	   |-- com_twelvemonkeys_imageio_imageio-metadata 3.10.0
	   |-- com_twelvemonkeys_imageio_imageio-webp 3.10.0
	   |-- org_quiltmc_parsers_gson 0.2.1
	   \-- org_quiltmc_parsers_json 0.2.1
	- yungsapi 1.21.1-Fabric-5.1.2
	   |-- org_javassist_javassist 3.29.2-GA
	   \-- org_reflections_reflections 0.10.2
[17:26:08] [main/INFO]: SpongePowered MIXIN Subsystem Version=0.8.7 Source=file:/workspaces/Chupipandillaland-II/servidor_minecraft/libraries/net/fabricmc/sponge-mixin/0.15.4+mixin.0.8.7/sponge-mixin-0.15.4+mixin.0.8.7.jar Service=Knot/Fabric Env=SERVER
[17:26:08] [main/INFO]: Compatibility level set to JAVA_17
[17:26:09] [main/INFO]: Compatibility level set to JAVA_21
[17:26:09] [main/WARN]: Reference map 'coroutil.refmap.json' for coroutil_fabric.mixins.json could not be read. If this is a development environment you can ignore this message
[17:26:09] [main/WARN]: Reference map 'forgeconfigapiport.common.refmap.json' for forgeconfigapiport.common.mixins.json could not be read. If this is a development environment you can ignore this message
[17:26:09] [main/WARN]: Reference map 'horseexpert.common.refmap.json' for horseexpert.common.mixins.json could not be read. If this is a development environment you can ignore this message
[17:26:09] [main/WARN]: Reference map 'horseexpert.fabric.refmap.json' for horseexpert.fabric.mixins.json could not be read. If this is a development environment you can ignore this message
[17:26:09] [main/WARN]: Reference map 'leavesbegone.fabric.refmap.json' for leavesbegone.fabric.mixins.json could not be read. If this is a development environment you can ignore this message
[17:26:09] [main/INFO]: Loaded configuration file for Lithium: 144 options available, 1 override(s) found
[17:26:09] [main/INFO]: Loaded configuration file for ModernFix 5.19.1+mc1.21: 54 options available, 0 override(s) found
[17:26:09] [main/INFO]: Applying Nashorn fix
[17:26:09] [main/WARN]: Reference map 'OctoLib-COMMON-common-refmap.json' for octolib.mixins.json could not be read. If this is a development environment you can ignore this message
[17:26:10] [main/WARN]: Force-disabling mixin 'alloc.blockstate.StateMixin' as rule 'mixin.alloc.blockstate' (added by mods [ferritecore]) disables it and children
[17:26:10] [main/WARN]: Error loading class: sereneseasons/season/RandomUpdateHandler (java.lang.ClassNotFoundException: sereneseasons/season/RandomUpdateHandler)
[17:26:10] [main/WARN]: @Mixin target sereneseasons.season.RandomUpdateHandler was not found snowrealmagic.mixins.json:sereneseasons.RandomUpdateHandlerMixin from mod snowrealmagic
[17:26:10] [main/INFO]: Initializing MixinExtras via com.llamalad7.mixinextras.service.MixinExtrasServiceImpl(version=0.4.1).
[17:26:15] [main/INFO]: Injecting BlockStateBase cache population hook into lithium$getPathNodeType from me.jellysquid.mods.lithium.mixin.ai.pathing.AbstractBlockStateMixin
[17:26:15] [main/INFO]: Injecting BlockStateBase cache population hook into lithium$getAllFlags from me.jellysquid.mods.lithium.mixin.util.block_tracking.AbstractBlockStateMixin
[17:26:15] [main/INFO]: Injecting BlockStateBase cache population hook into lithium$getNeighborPathNodeType from me.jellysquid.mods.lithium.mixin.ai.pathing.AbstractBlockStateMixin
[17:26:16] [main/WARN]: Static binding violation: PRIVATE @Overwrite method method_21740 in modernfix-common.mixins.json:perf.remove_biome_temperature_cache.BiomeMixin from mod modernfix cannot reduce visibiliy of PUBLIC target method, visibility will be upgraded.
[17:26:16] [main/WARN]: Method overwrite conflict for method_21740 in modernfix-common.mixins.json:perf.remove_biome_temperature_cache.BiomeMixin from mod modernfix, previously written by me.jellysquid.mods.lithium.mixin.world.temperature_cache.BiomeMixin. Skipping method.
[17:26:21] [main/INFO]: Vanilla bootstrap took 9700 milliseconds
[17:26:21] [main/INFO]: fabric loader environment detected
[17:26:21] [main/INFO]: Loaded config for: cupboard.json
[17:26:22] [main/INFO]: Loaded config amendments-common.json
[17:26:22] [main/ERROR]: No data fixer registered for handcrafted
[17:26:22] [main/INFO]: Constructing common components for horseexpert:main
[17:26:22] [main/INFO]: Initializing JamLib on Fabric
[17:26:22] [main/INFO]: [KONKRETE] Loading v1.9.9 in server-side mode on FABRIC!
[17:26:22] [main/INFO]: ---------------------------
[17:26:22] [main/INFO]: KONKRETE SHIPS AND USES THE FOLLOWING LIBRARIES:
[17:26:22] [main/INFO]:  
[17:26:22] [main/INFO]: Open Imaging Copyright © 2014 Dhyan Blum.
[17:26:22] [main/INFO]: Open Imaging is licensed under Apache-2.0.
[17:26:22] [main/INFO]:  
[17:26:22] [main/INFO]: JsonPath Copyright © 2017 Jayway.
[17:26:22] [main/INFO]: JsonPath is licensed under Apache-2.0.
[17:26:22] [main/INFO]:  
[17:26:22] [main/INFO]: Json-smart Copyright © netplex.
[17:26:22] [main/INFO]: Json-smart is licensed under Apache-2.0.
[17:26:22] [main/INFO]:  
[17:26:22] [main/INFO]: Exp4j Copyright © Frank Asseg.
[17:26:22] [main/INFO]: Exp4j is licensed under Apache-2.0. https://github.com/fasseg/exp4j
[17:26:22] [main/INFO]: ---------------------------
[17:26:22] [main/INFO]: [KONKRETE] Server-side modules initialized and ready to use!
[17:26:22] [main/INFO]: Constructing common components for leavesbegone:main
[17:26:23] [main/WARN]: [MELODY] Disabling Melody since it's loaded server-side.
[17:26:23] [main/INFO]: Loading Noisium.
[17:26:23] [main/INFO]: Constructing common components for puzzleslib:main
[17:26:23] [main/INFO]: [Surveyor] is not a map mod
[17:26:23] [main/INFO]: [STDOUT]: Initialize WeaponMaster
[17:26:23] [main/INFO]: Reflections took 69 ms to scan 1 urls, producing 1 keys and 3 values
[17:26:23] [main/INFO]: Reflections took 13 ms to scan 1 urls, producing 1 keys and 3 values
[17:26:23] [main/INFO]: Processing 3 KiwiModule annotations
[17:26:24] [main/INFO]: Module [snowrealmagic:core] initialized
[17:26:24] [main/INFO]: 		block: 11, block_entity_type: 2, entity_type: 1, loot_pool_entry_type: 1
[17:26:24] [main/INFO]: Module [kiwi:data] initialized
[17:26:24] [main/INFO]: 		recipe_serializer: 2
[17:26:24] [main/INFO]: Initialized block sets in 27ms
[17:26:24] [main/ERROR]: No data fixer registered for falling_lantern
[17:26:24] [main/INFO]: Initialized color sets in 37ms
[17:26:24] [main/INFO]: Environment: Environment[sessionHost=https://sessionserver.mojang.com, servicesHost=https://api.minecraftservices.com, name=PROD]
[17:26:26] [Worker-Main-1/ERROR]: Couldn't parse element minecraft:loot_table/heaven:chests/heaven_village/general - No key value in MapLike[{"type":"minecraft:loot_table","name":"heaven:chests/heaven_village/fletcher"}]; No key value in MapLike[{"type":"minecraft:loot_table","name":"heaven:chests/heaven_village/farm"}]; No key value in MapLike[{"type":"minecraft:loot_table","name":"heaven:chests/heaven_village/toolsmith"}]; No key value in MapLike[{"type":"minecraft:loot_table","name":"heaven:chests/heaven_village/librarian"}]; No key value in MapLike[{"type":"minecraft:loot_table","name":"heaven:chests/heaven_village/butcher"}]; No key value in MapLike[{"type":"minecraft:loot_table","name":"heaven:chests/heaven_village/temple"}]; No key value in MapLike[{"type":"minecraft:loot_table","name":"heaven:chests/heaven_village/mason"}]; No key value in MapLike[{"type":"minecraft:loot_table","name":"heaven:chests/heaven_village/cartographer"}]; No key value in MapLike[{"type":"minecraft:loot_table","name":"heaven:chests/heaven_village/tannery"}]; No key value in MapLike[{"type":"minecraft:loot_table","name":"heaven:chests/heaven_village/weaponsmith"}]; No key value in MapLike[{"type":"minecraft:loot_table","name":"heaven:chests/heaven_village/armorer"}]
[17:26:26] [Worker-Main-1/ERROR]: Couldn't parse element minecraft:loot_table/heaven:chests/heaven_village/fletcher - Failed to parse either. First: Unknown registry key in ResourceKey[minecraft:root / minecraft:loot_function_type]: minecraft:set_nbt; Second: Not a json array: {"function":"set_nbt","tag":"{display:{Name:'{\"text\":\"Anti-Gravity Arrow\",\"italic\":false}'},HideFlags:32,CustomPotionEffects:[{Id:4b,Amplifier:3b,Duration:-1,ShowParticles:0b}],CustomPotionColor:10084607}"}
[17:26:28] [main/INFO]: Loaded 1655 recipes
[17:26:28] [main/INFO]: Loaded 1757 advancements
[17:26:28] [main/INFO]: Applied 1 biome modifications to 1 of 70 new biomes in 8.906 ms
[17:26:28] [Server thread/INFO]: Dispatching loading event for config leavesbegone-server.toml
[17:26:29] [Server thread/INFO]: Encoded Weapon Attribute registry size (with package overhead): 8537 bytes (in 1 string chunks with the size of 10000)
[17:26:29] [Server thread/INFO]: Starting minecraft server version 1.21
[17:26:29] [Server thread/INFO]: Loading properties
[17:26:29] [Server thread/INFO]: Default game type: SURVIVAL
[17:26:29] [Server thread/INFO]: Generating keypair
[17:26:29] [Server thread/INFO]: Starting Minecraft server on *:25565
[17:26:29] [Server thread/INFO]: Using epoll channel type
[17:26:29] [Server thread/INFO]: Preparing level "world"
[17:26:30] [Server thread/INFO]: [Surveyor] Loading data for minecraft:overworld
[17:26:30] [Server thread/INFO]: [Surveyor] Finished loading data for minecraft:overworld
[17:26:30] [Server thread/WARN]: Method overwrite conflict for removeIf in modernfix-common.mixins.json:bugfix.paper_chunk_patches.SortedArraySetMixin from mod modernfix, previously written by me.jellysquid.mods.lithium.mixin.collections.chunk_tickets.SortedArraySetMixin. Skipping method.
[17:26:30] [Server thread/INFO]: [Surveyor] Loading data for minecraft:the_nether
[17:26:30] [Server thread/INFO]: [Surveyor] Finished loading data for minecraft:the_nether
[17:26:30] [Server thread/INFO]: [Surveyor] Loading data for minecraft:the_end
[17:26:30] [Server thread/INFO]: [Surveyor] Finished loading data for minecraft:the_end
[17:26:30] [Server thread/INFO]: [Surveyor] Loading data for heaven:sky
[17:26:30] [Server thread/INFO]: [Surveyor] Finished loading data for heaven:sky
[17:26:30] [Server thread/INFO]: Preparing start region for dimension minecraft:overworld
[17:26:31] [Worker-Main-1/INFO]: Preparing spawn area: 0%
[17:26:31] [Worker-Main-1/INFO]: Preparing spawn area: 0%
[17:26:32] [Server thread/INFO]: Time elapsed: 1444 ms
[17:26:32] [Server thread/INFO]: Done (2.302s)! For help, type "help"
[17:26:32] [Server thread/WARN]: Dedicated server took 25.631 seconds to load
[17:26:32] [Server thread/INFO]: Loaded config for: farsight.json
[17:26:36] [User Authenticator #1/INFO]: UUID of player Ryuku46 is 3eb9b252-2037-4798-97fa-a3a441b3540c
[17:26:38] [Server thread/INFO]: Ryuku46[/127.34.117.35:35079] logged in with entity id 121 at (-8.785701804735586, 81.0, 35.93304453689033)
[17:26:38] [Server thread/INFO]: Ryuku46 joined the game
[17:26:43] [Server thread/INFO]: Ryuku46 lost connection: Disconnected
[17:26:43] [Server thread/INFO]: Ryuku46 left the game
